RPNV 1.0.0 CALC STATE LOG - Mon Oct 27 17:44:32 2025
STACK REGISTERS VALUES:
X:      0.0000000000E+00
Y:      0.0000000000E+00
Z:      0.0000000000E+00
T:      0.0000000000E+00
LastX:  0.0000000000E+00
MEMORY REGISTERS VALUES:
0:  0.0000000000E+00
1:  0.0000000000E+00
2:  0.0000000000E+00
3:  0.0000000000E+00
4:  0.0000000000E+00
5:  0.0000000000E+00
6:  0.0000000000E+00
7:  0.0000000000E+00
8:  0.0000000000E+00
9:  0.0000000000E+00
PROGRAM TITLE: Gamma function by Viktor T. Toth (rskey.org)
PROGRAM INDEX AT ROW: 0
PROGRAM LAST ROW AT:  49
PROGRAM LIST: (keep the format RR- XX YY ZZ to avoid error in loading)
00- 
01-    44  1
02-        1
03-    44  0
04-       35
05-        0
06-    42 10
07-    22 14
08-    45  1
09- 44 10  0
10-        1
11-       40
12-    44  1
13-    22  5
14-        1
15-    45  1
16-    42 10
17-    22 23
18-        1
19-       30
20- 44 20  0
21-    44  1
22-    22 14
23-        2
24-        4
25-       34
26-       14
27-    45  1
28-       10
29-    44  2
30-        2
31-        4
32-    45  1
33-        1
34-       40
35-    44  1
36-       10
37-    45  2
38-       20
39-    44  2
40-       40
41-    42 10
42-    22 44
43-    22 30
44-        2
45-        4
46-       12
47-       10
48-    45  0
49-       20
50-    22 00
51-    22 00
52-    22 00
53-    22 00
54-    22 00
55-    22 00
56-    22 00
57-    22 00
58-    22 00
59-    22 00
60-    22 00
61-    22 00
62-    22 00
63-    22 00
64-    22 00
65-    22 00
66-    22 00
67-    22 00
68-    22 00
69-    22 00
70-    22 00
71-    22 00
72-    22 00
73-    22 00
74-    22 00
75-    22 00
76-    22 00
77-    22 00
78-    22 00
79-    22 00
80-    22 00
81-    22 00
82-    22 00
83-    22 00
84-    22 00
85-    22 00
86-    22 00
87-    22 00
88-    22 00
89-    22 00
90-    22 00
91-    22 00
92-    22 00
93-    22 00
94-    22 00
95-    22 00
96-    22 00
97-    22 00
98-    22 00
99-    22 00
END STATE FILE