RPNV 1.0.0 CALC STATE LOG - Mon Sep 29 16:05:55 2025
STACK REGISTERS VALUES:
X:      0.0000000000E+00
Y:      0.0000000000E+00
Z:      0.0000000000E+00
T:      0.0000000000E+00
LastX:  0.0000000000E+00
MEMORY REGISTERS VALUES:
0:  0.0000000000E+00
1:  0.0000000000E+00
2:  0.0000000000E+00
3:  0.0000000000E+00
4:  0.0000000000E+00
5:  0.0000000000E+00
6:  0.0000000000E+00
7:  0.0000000000E+00
8:  0.0000000000E+00
9:  0.0000000000E+00
PROGRAM TITLE: HP10C owner's handbook pag 74
PROGRAM INDEX AT ROW: 0
PROGRAM LAST ROW AT:  18
PROGRAM LIST: (keep the format RR- XX YY ZZ to avoid error in loading)
00-         
01-    42 11
02-    42 16
03-       20
04-    44  4
05- 44 40  1
06-       31
07-       20
08-    42 31
09- 44 40  2
10-    45  0
11-       10
12-        2
13-       20
14-    45  4
15-        2
16-       20
17-       40
18- 44 40  3
19-    22 00
20-    22 00
21-    22 00
22-    22 00
23-    22 00
24-    22 00
25-    22 00
26-    22 00
27-    22 00
28-    22 00
29-    22 00
30-    22 00
31-    22 00
32-    22 00
33-    22 00
34-    22 00
35-    22 00
36-    22 00
37-    22 00
38-    22 00
39-    22 00
40-    22 00
41-    22 00
42-    22 00
43-    22 00
44-    22 00
45-    22 00
46-    22 00
47-    22 00
48-    22 00
49-    22 00
50-    22 00
51-    22 00
52-    22 00
53-    22 00
54-    22 00
55-    22 00
56-    22 00
57-    22 00
58-    22 00
59-    22 00
60-    22 00
61-    22 00
62-    22 00
63-    22 00
64-    22 00
65-    22 00
66-    22 00
67-    22 00
68-    22 00
69-    22 00
70-    22 00
71-    22 00
72-    22 00
73-    22 00
74-    22 00
75-    22 00
76-    22 00
77-    22 00
78-    22 00
79-    22 00
80-    22 00
81-    22 00
82-    22 00
83-    22 00
84-    22 00
85-    22 00
86-    22 00
87-    22 00
88-    22 00
89-    22 00
90-    22 00
91-    22 00
92-    22 00
93-    22 00
94-    22 00
95-    22 00
96-    22 00
97-    22 00
98-    22 00
99-    22 00
